Copyright 1986-2022 Xilinx, Inc. All Rights Reserved.
------------------------------------------------------------------------------------
| Tool Version : Vivado v.2022.2 (win64) Build 3671981 Fri Oct 14 05:00:03 MDT 2022
| Date         : Sat Sep  9 14:37:36 2023
| Host         : DESKTOP-6KV2NE2 running 64-bit major release  (build 9200)
| Command      : report_clock_utilization -file top_clock_utilization_routed.rpt
| Design       : top
| Device       : 7a35t-cpg236
| Speed File   : -1  PRODUCTION 1.23 2018-06-13
| Design State : Routed
------------------------------------------------------------------------------------

Clock Utilization Report

Table of Contents
-----------------
1. Clock Primitive Utilization
2. Global Clock Resources
3. Global Clock Source Details
4. Clock Regions: Key Resource Utilization
5. Clock Regions : Global Clock Summary
6. Device Cell Placement Summary for Global Clock g0
7. Device Cell Placement Summary for Global Clock g1
8. Device Cell Placement Summary for Global Clock g2
9. Device Cell Placement Summary for Global Clock g3
10. Device Cell Placement Summary for Global Clock g4
11. Clock Region Cell Placement per Global Clock: Region X0Y0
12. Clock Region Cell Placement per Global Clock: Region X1Y0
13. Clock Region Cell Placement per Global Clock: Region X0Y1
14. Clock Region Cell Placement per Global Clock: Region X1Y1
15. Clock Region Cell Placement per Global Clock: Region X0Y2

1. Clock Primitive Utilization
------------------------------

+----------+------+-----------+-----+--------------+--------+
| Type     | Used | Available | LOC | Clock Region | Pblock |
+----------+------+-----------+-----+--------------+--------+
| BUFGCTRL |    5 |        32 |   0 |            0 |      0 |
| BUFH     |    0 |        72 |   0 |            0 |      0 |
| BUFIO    |    0 |        20 |   0 |            0 |      0 |
| BUFMR    |    0 |        10 |   0 |            0 |      0 |
| BUFR     |    0 |        20 |   0 |            0 |      0 |
| MMCM     |    1 |         5 |   0 |            0 |      0 |
| PLL      |    0 |         5 |   0 |            0 |      0 |
+----------+------+-----------+-----+--------------+--------+


2. Global Clock Resources
-------------------------

+-----------+-----------+-----------------+------------+---------------+--------------+-------------------+-------------+-----------------+--------------+--------------------------------------------------------------------------------------------+----------------------------------------------------------------------+--------------------------------------------+
| Global Id | Source Id | Driver Type/Pin | Constraint | Site          | Clock Region | Load Clock Region | Clock Loads | Non-Clock Loads | Clock Period | Clock                                                                                      | Driver Pin                                                           | Net                                        |
+-----------+-----------+-----------------+------------+---------------+--------------+-------------------+-------------+-----------------+--------------+--------------------------------------------------------------------------------------------+----------------------------------------------------------------------+--------------------------------------------+
| g0        | src0      | BUFG/O          | None       | BUFGCTRL_X0Y1 | n/a          |                 4 |       12582 |               0 |       10.000 | sys_clk_pin                                                                                | clk_IBUF_BUFG_inst/O                                                 | clk_IBUF_BUFG                              |
| g1        | src1      | BUFG/O          | None       | BUFGCTRL_X0Y2 | n/a          |                 2 |         461 |               0 |       33.000 | dbg_hub/inst/BSCANID.u_xsdbm_id/SWITCH_N_EXT_BSCAN.bscan_inst/SERIES7_BSCAN.bscan_inst/TCK | dbg_hub/inst/BSCANID.u_xsdbm_id/SWITCH_N_EXT_BSCAN.u_bufg_icon_tck/O | dbg_hub/inst/BSCANID.u_xsdbm_id/itck_i     |
| g2        | src2      | BUFG/O          | None       | BUFGCTRL_X0Y3 | n/a          |                 2 |          94 |               0 |      173.600 | UART_clk_DATA_clks                                                                         | DATA_clks_inst/inst/clkout2_buf/O                                    | DATA_clks_inst/inst/UART_clk               |
| g3        | src3      | BUFG/O          | None       | BUFGCTRL_X0Y0 | n/a          |                 4 |          66 |               4 |      140.000 | SPI_clk_DATA_clks                                                                          | DATA_clks_inst/inst/clkout1_buf/O                                    | DATA_clks_inst/inst/SPI_clk                |
| g4        | src4      | BUFG/O          | None       | BUFGCTRL_X0Y4 | n/a          |                 1 |           1 |               0 |       70.000 | clkfbout_DATA_clks                                                                         | DATA_clks_inst/inst/clkf_buf/O                                       | DATA_clks_inst/inst/clkfbout_buf_DATA_clks |
+-----------+-----------+-----------------+------------+---------------+--------------+-------------------+-------------+-----------------+--------------+--------------------------------------------------------------------------------------------+----------------------------------------------------------------------+--------------------------------------------+
* Clock Loads column represents cell count of net connects that connect to a clock pin. Internal cell leaf pins are not considered
** Non-Clock Loads column represents cell count of non-clock pin loads


3. Global Clock Source Details
------------------------------

+-----------+-----------+---------------------+------------+-----------------+--------------+-------------+-----------------+---------------------+--------------------------------------------------------------------------------------------+--------------------------------------------------------------------------------------------+-------------------------------------------------------------------+
| Source Id | Global Id | Driver Type/Pin     | Constraint | Site            | Clock Region | Clock Loads | Non-Clock Loads | Source Clock Period | Source Clock                                                                               | Driver Pin                                                                                 | Net                                                               |
+-----------+-----------+---------------------+------------+-----------------+--------------+-------------+-----------------+---------------------+--------------------------------------------------------------------------------------------+--------------------------------------------------------------------------------------------+-------------------------------------------------------------------+
| src0      | g0        | IBUF/O              | IOB_X1Y26  | IOB_X1Y26       | X1Y0         |           1 |               0 |              10.000 | sys_clk_pin                                                                                | clk_IBUF_inst/O                                                                            | clk_IBUF                                                          |
| src1      | g1        | BSCANE2/TCK         | None       | BSCAN_X0Y0      | X0Y0         |           1 |               0 |              33.000 | dbg_hub/inst/BSCANID.u_xsdbm_id/SWITCH_N_EXT_BSCAN.bscan_inst/SERIES7_BSCAN.bscan_inst/TCK | dbg_hub/inst/BSCANID.u_xsdbm_id/SWITCH_N_EXT_BSCAN.bscan_inst/SERIES7_BSCAN.bscan_inst/TCK | dbg_hub/inst/BSCANID.u_xsdbm_id/SWITCH_N_EXT_BSCAN.bscan_inst/TCK |
| src2      | g2        | MMCME2_ADV/CLKOUT1  | None       | MMCME2_ADV_X1Y0 | X1Y0         |           1 |               0 |             173.600 | UART_clk_DATA_clks                                                                         | DATA_clks_inst/inst/mmcm_adv_inst/CLKOUT1                                                  | DATA_clks_inst/inst/UART_clk_DATA_clks                            |
| src3      | g3        | MMCME2_ADV/CLKOUT0  | None       | MMCME2_ADV_X1Y0 | X1Y0         |           1 |               0 |             140.000 | SPI_clk_DATA_clks                                                                          | DATA_clks_inst/inst/mmcm_adv_inst/CLKOUT0                                                  | DATA_clks_inst/inst/SPI_clk_DATA_clks                             |
| src4      | g4        | MMCME2_ADV/CLKFBOUT | None       | MMCME2_ADV_X1Y0 | X1Y0         |           1 |               0 |              70.000 | clkfbout_DATA_clks                                                                         | DATA_clks_inst/inst/mmcm_adv_inst/CLKFBOUT                                                 | DATA_clks_inst/inst/clkfbout_DATA_clks                            |
+-----------+-----------+---------------------+------------+-----------------+--------------+-------------+-----------------+---------------------+--------------------------------------------------------------------------------------------+--------------------------------------------------------------------------------------------+-------------------------------------------------------------------+
* Clock Loads column represents cell count of net connects that connect to a clock pin. Internal cell leaf pins are not considered
** Non-Clock Loads column represents cell count of non-clock pin loads


4. Clock Regions: Key Resource Utilization
------------------------------------------

+-------------------+--------------+--------------+--------------+--------------+--------------+--------------+--------------+--------------+--------------+--------------+--------------+--------------+--------------+--------------+--------------+
|                   | Global Clock |     BUFRs    |    BUFMRs    |    BUFIOs    |     MMCM     |      PLL     |      GT      |      PCI     |    ILOGIC    |    OLOGIC    |      FF      |     LUTM     |    RAMB18    |    RAMB36    |    DSP48E2   |
+-------------------+------+-------+------+-------+------+-------+------+-------+------+-------+------+-------+------+-------+------+-------+------+-------+------+-------+------+-------+------+-------+------+-------+------+-------+------+-------+
| Clock Region Name | Used | Avail | Used | Avail | Used | Avail | Used | Avail | Used | Avail | Used | Avail | Used | Avail | Used | Avail | Used | Avail | Used | Avail | Used | Avail | Used | Avail | Used | Avail | Used | Avail | Used | Avail |
+-------------------+------+-------+------+-------+------+-------+------+-------+------+-------+------+-------+------+-------+------+-------+------+-------+------+-------+------+-------+------+-------+------+-------+------+-------+------+-------+
| X0Y0              |    3 |    12 |    0 |     4 |    0 |     2 |    0 |     4 |    0 |     1 |    0 |     1 |    0 |     0 |    0 |     0 |    0 |    50 |    0 |    50 | 1619 |  1200 |  661 |   400 |    0 |    20 |    0 |    10 |    8 |    20 |
| X1Y0              |    5 |    12 |    0 |     4 |    0 |     2 |    0 |     4 |    1 |     1 |    0 |     1 |    0 |     0 |    0 |     0 |    0 |    50 |    0 |    50 | 5166 |  1500 | 1468 |   450 |    0 |    40 |    4 |    20 |   14 |    20 |
| X0Y1              |    1 |    12 |    0 |     4 |    0 |     2 |    0 |     4 |    0 |     1 |    0 |     1 |    0 |     0 |    0 |     0 |    0 |    50 |    0 |    50 | 2006 |  1200 | 1128 |   400 |    2 |    20 |    0 |    10 |   14 |    20 |
| X1Y1              |    3 |    12 |    0 |     4 |    0 |     2 |    0 |     4 |    0 |     1 |    0 |     1 |    0 |     0 |    0 |     0 |    0 |    50 |    0 |    50 | 2720 |  1500 | 1169 |   450 |    2 |    40 |    1 |    20 |    8 |    20 |
| X0Y2              |    1 |    12 |    0 |     4 |    0 |     2 |    0 |     4 |    0 |     1 |    0 |     1 |    0 |     0 |    0 |     0 |    0 |    50 |    0 |    50 |    0 |  1800 |    0 |   400 |    0 |    20 |    0 |    10 |    0 |    20 |
| X1Y2              |    0 |    12 |    0 |     0 |    0 |     0 |    0 |     0 |    0 |     0 |    0 |     0 |    0 |     4 |    0 |     1 |    0 |     0 |    0 |     0 |    0 |   950 |    0 |   300 |    0 |    10 |    0 |     5 |    0 |    20 |
+-------------------+------+-------+------+-------+------+-------+------+-------+------+-------+------+-------+------+-------+------+-------+------+-------+------+-------+------+-------+------+-------+------+-------+------+-------+------+-------+
* Global Clock column represents track count; while other columns represents cell counts


5. Clock Regions : Global Clock Summary
---------------------------------------

All Modules
+----+----+----+
|    | X0 | X1 |
+----+----+----+
| Y2 |  1 |  0 |
| Y1 |  1 |  3 |
| Y0 |  3 |  5 |
+----+----+----+


6. Device Cell Placement Summary for Global Clock g0
----------------------------------------------------

+-----------+-----------------+-------------------+-------------+-------------+---------------+-------------+----------+----------------+----------+---------------+
| Global Id | Driver Type/Pin | Driver Region (D) | Clock       | Period (ns) | Waveform (ns) | Slice Loads | IO Loads | Clocking Loads | GT Loads | Net           |
+-----------+-----------------+-------------------+-------------+-------------+---------------+-------------+----------+----------------+----------+---------------+
| g0        | BUFG/O          | n/a               | sys_clk_pin |      10.000 | {0.000 5.000} |       12178 |        0 |              1 |        0 | clk_IBUF_BUFG |
+-----------+-----------------+-------------------+-------------+-------------+---------------+-------------+----------+----------------+----------+---------------+
* Slice Loads column represents load cell count of all cell types other than IO, GT and clock resources
** IO Loads column represents load cell count of IO types
*** Clocking Loads column represents load cell count that are clock resources (global clock buffer, MMCM, PLL, etc)
**** GT Loads column represents load cell count of GT types


+----+-------+-------+-----------------------+
|    | X0    | X1    | HORIZONTAL PROG DELAY |
+----+-------+-------+-----------------------+
| Y2 |     0 |     0 |                     - |
| Y1 |  2468 |  2942 |                     0 |
| Y0 |  1545 |  5224 |                     0 |
+----+-------+-------+-----------------------+


7. Device Cell Placement Summary for Global Clock g1
----------------------------------------------------

+-----------+-----------------+-------------------+--------------------------------------------------------------------------------------------+-------------+----------------+-------------+----------+----------------+----------+----------------------------------------+
| Global Id | Driver Type/Pin | Driver Region (D) | Clock                                                                                      | Period (ns) | Waveform (ns)  | Slice Loads | IO Loads | Clocking Loads | GT Loads | Net                                    |
+-----------+-----------------+-------------------+--------------------------------------------------------------------------------------------+-------------+----------------+-------------+----------+----------------+----------+----------------------------------------+
| g1        | BUFG/O          | n/a               | dbg_hub/inst/BSCANID.u_xsdbm_id/SWITCH_N_EXT_BSCAN.bscan_inst/SERIES7_BSCAN.bscan_inst/TCK |      33.000 | {0.000 16.500} |         458 |        0 |              0 |        0 | dbg_hub/inst/BSCANID.u_xsdbm_id/itck_i |
+-----------+-----------------+-------------------+--------------------------------------------------------------------------------------------+-------------+----------------+-------------+----------+----------------+----------+----------------------------------------+
* Slice Loads column represents load cell count of all cell types other than IO, GT and clock resources
** IO Loads column represents load cell count of IO types
*** Clocking Loads column represents load cell count that are clock resources (global clock buffer, MMCM, PLL, etc)
**** GT Loads column represents load cell count of GT types


+----+------+------+-----------------------+
|    | X0   | X1   | HORIZONTAL PROG DELAY |
+----+------+------+-----------------------+
| Y2 |    0 |    0 |                     - |
| Y1 |    0 |    0 |                     - |
| Y0 |  279 |  179 |                     0 |
+----+------+------+-----------------------+


8. Device Cell Placement Summary for Global Clock g2
----------------------------------------------------

+-----------+-----------------+-------------------+--------------------+-------------+----------------+-------------+----------+----------------+----------+------------------------------+
| Global Id | Driver Type/Pin | Driver Region (D) | Clock              | Period (ns) | Waveform (ns)  | Slice Loads | IO Loads | Clocking Loads | GT Loads | Net                          |
+-----------+-----------------+-------------------+--------------------+-------------+----------------+-------------+----------+----------------+----------+------------------------------+
| g2        | BUFG/O          | n/a               | UART_clk_DATA_clks |     173.600 | {0.000 86.800} |          94 |        0 |              0 |        0 | DATA_clks_inst/inst/UART_clk |
+-----------+-----------------+-------------------+--------------------+-------------+----------------+-------------+----------+----------------+----------+------------------------------+
* Slice Loads column represents load cell count of all cell types other than IO, GT and clock resources
** IO Loads column represents load cell count of IO types
*** Clocking Loads column represents load cell count that are clock resources (global clock buffer, MMCM, PLL, etc)
**** GT Loads column represents load cell count of GT types


+----+----+-----+-----------------------+
|    | X0 | X1  | HORIZONTAL PROG DELAY |
+----+----+-----+-----------------------+
| Y2 |  0 |   0 |                     - |
| Y1 |  0 |  64 |                     0 |
| Y0 |  0 |  30 |                     0 |
+----+----+-----+-----------------------+


9. Device Cell Placement Summary for Global Clock g3
----------------------------------------------------

+-----------+-----------------+-------------------+-------------------+-------------+----------------+-------------+----------+----------------+----------+-----------------------------+
| Global Id | Driver Type/Pin | Driver Region (D) | Clock             | Period (ns) | Waveform (ns)  | Slice Loads | IO Loads | Clocking Loads | GT Loads | Net                         |
+-----------+-----------------+-------------------+-------------------+-------------+----------------+-------------+----------+----------------+----------+-----------------------------+
| g3        | BUFG/O          | n/a               | SPI_clk_DATA_clks |     140.000 | {0.000 70.000} |          66 |        4 |              0 |        0 | DATA_clks_inst/inst/SPI_clk |
+-----------+-----------------+-------------------+-------------------+-------------+----------------+-------------+----------+----------------+----------+-----------------------------+
* Slice Loads column represents load cell count of all cell types other than IO, GT and clock resources
** IO Loads column represents load cell count of IO types
*** Clocking Loads column represents load cell count that are clock resources (global clock buffer, MMCM, PLL, etc)
**** GT Loads column represents load cell count of GT types


+----+----+-----+-----------------------+
|    | X0 | X1  | HORIZONTAL PROG DELAY |
+----+----+-----+-----------------------+
| Y2 |  2 |   0 |                     0 |
| Y1 |  0 |  58 |                     0 |
| Y0 |  2 |   8 |                     0 |
+----+----+-----+-----------------------+


10. Device Cell Placement Summary for Global Clock g4
-----------------------------------------------------

+-----------+-----------------+-------------------+--------------------+-------------+----------------+-------------+----------+----------------+----------+--------------------------------------------+
| Global Id | Driver Type/Pin | Driver Region (D) | Clock              | Period (ns) | Waveform (ns)  | Slice Loads | IO Loads | Clocking Loads | GT Loads | Net                                        |
+-----------+-----------------+-------------------+--------------------+-------------+----------------+-------------+----------+----------------+----------+--------------------------------------------+
| g4        | BUFG/O          | n/a               | clkfbout_DATA_clks |      70.000 | {0.000 35.000} |           0 |        0 |              1 |        0 | DATA_clks_inst/inst/clkfbout_buf_DATA_clks |
+-----------+-----------------+-------------------+--------------------+-------------+----------------+-------------+----------+----------------+----------+--------------------------------------------+
* Slice Loads column represents load cell count of all cell types other than IO, GT and clock resources
** IO Loads column represents load cell count of IO types
*** Clocking Loads column represents load cell count that are clock resources (global clock buffer, MMCM, PLL, etc)
**** GT Loads column represents load cell count of GT types


+----+----+----+-----------------------+
|    | X0 | X1 | HORIZONTAL PROG DELAY |
+----+----+----+-----------------------+
| Y2 |  0 |  0 |                     - |
| Y1 |  0 |  0 |                     - |
| Y0 |  0 |  1 |                     0 |
+----+----+----+-----------------------+


11. Clock Region Cell Placement per Global Clock: Region X0Y0
-------------------------------------------------------------

+-----------+-------+-----------------+------------+-------------+-----------------+------+-------------+------+-----+----+------+-----+---------+----------------------------------------+
| Global Id | Track | Driver Type/Pin | Constraint | Clock Loads | Non-Clock Loads | FF   | Memory LUTs | RAMB | DSP | GT | MMCM | PLL | Hard IP | Net                                    |
+-----------+-------+-----------------+------------+-------------+-----------------+------+-------------+------+-----+----+------+-----+---------+----------------------------------------+
| g0        | n/a   | BUFG/O          | None       |        1545 |               0 | 1340 |         196 |    0 |   8 |  0 |    0 |   0 |       0 | clk_IBUF_BUFG                          |
| g1        | n/a   | BUFG/O          | None       |         279 |               0 |  279 |           0 |    0 |   0 |  0 |    0 |   0 |       0 | dbg_hub/inst/BSCANID.u_xsdbm_id/itck_i |
| g3        | n/a   | BUFG/O          | None       |           0 |               2 |    0 |           0 |    0 |   0 |  0 |    0 |   0 |       0 | DATA_clks_inst/inst/SPI_clk            |
+-----------+-------+-----------------+------------+-------------+-----------------+------+-------------+------+-----+----+------+-----+---------+----------------------------------------+
* Clock Loads column represents cell count of net connects that connect to a clock pin. Internal cell leaf pins are not considered
** Non-Clock Loads column represents cell count of non-clock pin loads
*** Columns FF, LUTRAM, RAMB through 'Hard IP' represents load cell counts


12. Clock Region Cell Placement per Global Clock: Region X1Y0
-------------------------------------------------------------

+-----------+-------+-----------------+------------+-------------+-----------------+------+-------------+------+-----+----+------+-----+---------+--------------------------------------------+
| Global Id | Track | Driver Type/Pin | Constraint | Clock Loads | Non-Clock Loads | FF   | Memory LUTs | RAMB | DSP | GT | MMCM | PLL | Hard IP | Net                                        |
+-----------+-------+-----------------+------------+-------------+-----------------+------+-------------+------+-----+----+------+-----+---------+--------------------------------------------+
| g0        | n/a   | BUFG/O          | None       |        5224 |               0 | 4949 |         254 |    4 |  14 |  0 |    1 |   0 |       0 | clk_IBUF_BUFG                              |
| g1        | n/a   | BUFG/O          | None       |         179 |               0 |  179 |           0 |    0 |   0 |  0 |    0 |   0 |       0 | dbg_hub/inst/BSCANID.u_xsdbm_id/itck_i     |
| g2        | n/a   | BUFG/O          | None       |          30 |               0 |   30 |           0 |    0 |   0 |  0 |    0 |   0 |       0 | DATA_clks_inst/inst/UART_clk               |
| g3        | n/a   | BUFG/O          | None       |           8 |               0 |    8 |           0 |    0 |   0 |  0 |    0 |   0 |       0 | DATA_clks_inst/inst/SPI_clk                |
| g4        | n/a   | BUFG/O          | None       |           1 |               0 |    0 |           0 |    0 |   0 |  0 |    1 |   0 |       0 | DATA_clks_inst/inst/clkfbout_buf_DATA_clks |
+-----------+-------+-----------------+------------+-------------+-----------------+------+-------------+------+-----+----+------+-----+---------+--------------------------------------------+
* Clock Loads column represents cell count of net connects that connect to a clock pin. Internal cell leaf pins are not considered
** Non-Clock Loads column represents cell count of non-clock pin loads
*** Columns FF, LUTRAM, RAMB through 'Hard IP' represents load cell counts


13. Clock Region Cell Placement per Global Clock: Region X0Y1
-------------------------------------------------------------

+-----------+-------+-----------------+------------+-------------+-----------------+------+-------------+------+-----+----+------+-----+---------+---------------+
| Global Id | Track | Driver Type/Pin | Constraint | Clock Loads | Non-Clock Loads | FF   | Memory LUTs | RAMB | DSP | GT | MMCM | PLL | Hard IP | Net           |
+-----------+-------+-----------------+------------+-------------+-----------------+------+-------------+------+-----+----+------+-----+---------+---------------+
| g0        | n/a   | BUFG/O          | None       |        2468 |               0 | 2006 |         443 |    2 |  14 |  0 |    0 |   0 |       0 | clk_IBUF_BUFG |
+-----------+-------+-----------------+------------+-------------+-----------------+------+-------------+------+-----+----+------+-----+---------+---------------+
* Clock Loads column represents cell count of net connects that connect to a clock pin. Internal cell leaf pins are not considered
** Non-Clock Loads column represents cell count of non-clock pin loads
*** Columns FF, LUTRAM, RAMB through 'Hard IP' represents load cell counts


14. Clock Region Cell Placement per Global Clock: Region X1Y1
-------------------------------------------------------------

+-----------+-------+-----------------+------------+-------------+-----------------+------+-------------+------+-----+----+------+-----+---------+------------------------------+
| Global Id | Track | Driver Type/Pin | Constraint | Clock Loads | Non-Clock Loads | FF   | Memory LUTs | RAMB | DSP | GT | MMCM | PLL | Hard IP | Net                          |
+-----------+-------+-----------------+------------+-------------+-----------------+------+-------------+------+-----+----+------+-----+---------+------------------------------+
| g0        | n/a   | BUFG/O          | None       |        2942 |               0 | 2598 |         330 |    3 |   8 |  0 |    0 |   0 |       0 | clk_IBUF_BUFG                |
| g2        | n/a   | BUFG/O          | None       |          64 |               0 |   64 |           0 |    0 |   0 |  0 |    0 |   0 |       0 | DATA_clks_inst/inst/UART_clk |
| g3        | n/a   | BUFG/O          | None       |          58 |               0 |   58 |           0 |    0 |   0 |  0 |    0 |   0 |       0 | DATA_clks_inst/inst/SPI_clk  |
+-----------+-------+-----------------+------------+-------------+-----------------+------+-------------+------+-----+----+------+-----+---------+------------------------------+
* Clock Loads column represents cell count of net connects that connect to a clock pin. Internal cell leaf pins are not considered
** Non-Clock Loads column represents cell count of non-clock pin loads
*** Columns FF, LUTRAM, RAMB through 'Hard IP' represents load cell counts


15. Clock Region Cell Placement per Global Clock: Region X0Y2
-------------------------------------------------------------

+-----------+-------+-----------------+------------+-------------+-----------------+----+-------------+------+-----+----+------+-----+---------+-----------------------------+
| Global Id | Track | Driver Type/Pin | Constraint | Clock Loads | Non-Clock Loads | FF | Memory LUTs | RAMB | DSP | GT | MMCM | PLL | Hard IP | Net                         |
+-----------+-------+-----------------+------------+-------------+-----------------+----+-------------+------+-----+----+------+-----+---------+-----------------------------+
| g3        | n/a   | BUFG/O          | None       |           0 |               2 |  0 |           0 |    0 |   0 |  0 |    0 |   0 |       0 | DATA_clks_inst/inst/SPI_clk |
+-----------+-------+-----------------+------------+-------------+-----------------+----+-------------+------+-----+----+------+-----+---------+-----------------------------+
* Clock Loads column represents cell count of net connects that connect to a clock pin. Internal cell leaf pins are not considered
** Non-Clock Loads column represents cell count of non-clock pin loads
*** Columns FF, LUTRAM, RAMB through 'Hard IP' represents load cell counts



# Location of BUFG Primitives 
set_property LOC BUFGCTRL_X0Y2 [get_cells dbg_hub/inst/BSCANID.u_xsdbm_id/SWITCH_N_EXT_BSCAN.u_bufg_icon_tck]
set_property LOC BUFGCTRL_X0Y1 [get_cells clk_IBUF_BUFG_inst]
set_property LOC BUFGCTRL_X0Y4 [get_cells DATA_clks_inst/inst/clkf_buf]
set_property LOC BUFGCTRL_X0Y3 [get_cells DATA_clks_inst/inst/clkout2_buf]
set_property LOC BUFGCTRL_X0Y0 [get_cells DATA_clks_inst/inst/clkout1_buf]

# Location of IO Primitives which is load of clock spine
set_property LOC IOB_X0Y126 [get_cells spi_clk_out4_OBUF_inst]
set_property LOC IOB_X0Y125 [get_cells spi_clk_out3_OBUF_inst]
set_property LOC IOB_X0Y27 [get_cells spi_clk_out2_OBUF_inst]
set_property LOC IOB_X0Y28 [get_cells spi_clk_out1_OBUF_inst]

# Location of clock ports
set_property LOC IOB_X1Y26 [get_ports clk]

# Clock net "dbg_hub/inst/BSCANID.u_xsdbm_id/itck_i" driven by instance "dbg_hub/inst/BSCANID.u_xsdbm_id/SWITCH_N_EXT_BSCAN.u_bufg_icon_tck" located at site "BUFGCTRL_X0Y2"
#startgroup
create_pblock {CLKAG_dbg_hub/inst/BSCANID.u_xsdbm_id/itck_i}
add_cells_to_pblock [get_pblocks  {CLKAG_dbg_hub/inst/BSCANID.u_xsdbm_id/itck_i}] [get_cells -filter { PRIMITIVE_GROUP != I/O && IS_PRIMITIVE==1 && PRIMITIVE_LEVEL !=INTERNAL } -of_object [get_pins -filter {DIRECTION==IN} -of_objects [get_nets -hierarchical -filter {PARENT=="dbg_hub/inst/BSCANID.u_xsdbm_id/itck_i"}]]]
resize_pblock [get_pblocks {CLKAG_dbg_hub/inst/BSCANID.u_xsdbm_id/itck_i}] -add {CLOCKREGION_X0Y0:CLOCKREGION_X0Y0 CLOCKREGION_X1Y0:CLOCKREGION_X1Y0}
#endgroup

# Clock net "clk_IBUF_BUFG" driven by instance "clk_IBUF_BUFG_inst" located at site "BUFGCTRL_X0Y1"
#startgroup
create_pblock {CLKAG_clk_IBUF_BUFG}
add_cells_to_pblock [get_pblocks  {CLKAG_clk_IBUF_BUFG}] [get_cells -filter { PRIMITIVE_GROUP != I/O && IS_PRIMITIVE==1 && PRIMITIVE_LEVEL !=INTERNAL && NAME!=DATA_clks_inst/inst/mmcm_adv_inst} -of_object [get_pins -filter {DIRECTION==IN} -of_objects [get_nets -hierarchical -filter {PARENT=="clk_IBUF_BUFG"}]]]
resize_pblock [get_pblocks {CLKAG_clk_IBUF_BUFG}] -add {CLOCKREGION_X0Y0:CLOCKREGION_X0Y0 CLOCKREGION_X0Y1:CLOCKREGION_X0Y1 CLOCKREGION_X1Y0:CLOCKREGION_X1Y0 CLOCKREGION_X1Y1:CLOCKREGION_X1Y1}
#endgroup

# Clock net "DATA_clks_inst/inst/UART_clk" driven by instance "DATA_clks_inst/inst/clkout2_buf" located at site "BUFGCTRL_X0Y3"
#startgroup
create_pblock {CLKAG_DATA_clks_inst/inst/UART_clk}
add_cells_to_pblock [get_pblocks  {CLKAG_DATA_clks_inst/inst/UART_clk}] [get_cells -filter { PRIMITIVE_GROUP != I/O && IS_PRIMITIVE==1 && PRIMITIVE_LEVEL !=INTERNAL } -of_object [get_pins -filter {DIRECTION==IN} -of_objects [get_nets -hierarchical -filter {PARENT=="DATA_clks_inst/inst/UART_clk"}]]]
resize_pblock [get_pblocks {CLKAG_DATA_clks_inst/inst/UART_clk}] -add {CLOCKREGION_X1Y0:CLOCKREGION_X1Y0 CLOCKREGION_X1Y1:CLOCKREGION_X1Y1}
#endgroup

# Clock net "DATA_clks_inst/inst/SPI_clk" driven by instance "DATA_clks_inst/inst/clkout1_buf" located at site "BUFGCTRL_X0Y0"
#startgroup
create_pblock {CLKAG_DATA_clks_inst/inst/SPI_clk}
add_cells_to_pblock [get_pblocks  {CLKAG_DATA_clks_inst/inst/SPI_clk}] [get_cells -filter { PRIMITIVE_GROUP != I/O && IS_PRIMITIVE==1 && PRIMITIVE_LEVEL !=INTERNAL && NAME!=spi_clk_out4_OBUF_inst && NAME!=spi_clk_out3_OBUF_inst && NAME!=spi_clk_out2_OBUF_inst && NAME!=spi_clk_out1_OBUF_inst} -of_object [get_pins -filter {DIRECTION==IN} -of_objects [get_nets -hierarchical -filter {PARENT=="DATA_clks_inst/inst/SPI_clk"}]]]
resize_pblock [get_pblocks {CLKAG_DATA_clks_inst/inst/SPI_clk}] -add {CLOCKREGION_X1Y0:CLOCKREGION_X1Y0 CLOCKREGION_X1Y1:CLOCKREGION_X1Y1}
#endgroup
